This is pdfTeX, Version 3.14159265-2.6-1.40.17 (MiKTeX 2.9.6210 64-bit) (preloaded format=pdflatex 2017.8.2)  4 SEP 2017 14:09
entering extended mode
**./thesis.tex
(thesis.tex
LaTeX2e <2017/01/01> patch level 1
Babel <3.9r> and hyphenation patterns for 75 language(s) loaded.
("C:\Program Files\MiKTeX 2.9\tex\latex\base\book.cls"
Document Class: book 2014/09/29 v1.4h Standard LaTeX document class
("C:\Program Files\MiKTeX 2.9\tex\latex\base\bk10.clo"
File: bk10.clo 2014/09/29 v1.4h Standard LaTeX file (size option)
)
\c@part=\count79
\c@chapter=\count80
\c@section=\count81
\c@subsection=\count82
\c@subsubsection=\count83
\c@paragraph=\count84
\c@subparagraph=\count85
\c@figure=\count86
\c@table=\count87
\abovecaptionskip=\skip41
\belowcaptionskip=\skip42
\bibindent=\dimen102
)
("C:\Program Files\MiKTeX 2.9\tex\latex\mdwtools\cmtt.sty"
Package: cmtt 1996/05/25 1.1 Handing of the cmtt font

("C:\Program Files\MiKTeX 2.9\tex\latex\mdwtools\mTTenc.def"
File: mTTcmtt.def 1996/05/25 1.1 Handing of the cmtt font
))
("C:\Program Files\MiKTeX 2.9\tex\latex\lm\lmodern.sty"
Package: lmodern 2009/10/30 v1.6 Latin Modern Fonts
LaTeX Font Info:    Overwriting symbol font `operators' in version `normal'
(Font)                  OT1/cmr/m/n --> OT1/lmr/m/n on input line 22.
LaTeX Font Info:    Overwriting symbol font `letters' in version `normal'
(Font)                  OML/cmm/m/it --> OML/lmm/m/it on input line 23.
LaTeX Font Info:    Overwriting symbol font `symbols' in version `normal'
(Font)                  OMS/cmsy/m/n --> OMS/lmsy/m/n on input line 24.
LaTeX Font Info:    Overwriting symbol font `largesymbols' in version `normal'
(Font)                  OMX/cmex/m/n --> OMX/lmex/m/n on input line 25.
LaTeX Font Info:    Overwriting symbol font `operators' in version `bold'
(Font)                  OT1/cmr/bx/n --> OT1/lmr/bx/n on input line 26.
LaTeX Font Info:    Overwriting symbol font `letters' in version `bold'
(Font)                  OML/cmm/b/it --> OML/lmm/b/it on input line 27.
LaTeX Font Info:    Overwriting symbol font `symbols' in version `bold'
(Font)                  OMS/cmsy/b/n --> OMS/lmsy/b/n on input line 28.
LaTeX Font Info:    Overwriting symbol font `largesymbols' in version `bold'
(Font)                  OMX/cmex/m/n --> OMX/lmex/m/n on input line 29.
LaTeX Font Info:    Overwriting math alphabet `\mathbf' in version `normal'
(Font)                  OT1/cmr/bx/n --> OT1/lmr/bx/n on input line 31.
LaTeX Font Info:    Overwriting math alphabet `\mathsf' in version `normal'
(Font)                  OT1/cmss/m/n --> OT1/lmss/m/n on input line 32.
LaTeX Font Info:    Overwriting math alphabet `\mathit' in version `normal'
(Font)                  OT1/cmr/m/it --> OT1/lmr/m/it on input line 33.
LaTeX Font Info:    Overwriting math alphabet `\mathtt' in version `normal'
(Font)                  OT1/cmtt/m/n --> OT1/lmtt/m/n on input line 34.
LaTeX Font Info:    Overwriting math alphabet `\mathbf' in version `bold'
(Font)                  OT1/cmr/bx/n --> OT1/lmr/bx/n on input line 35.
LaTeX Font Info:    Overwriting math alphabet `\mathsf' in version `bold'
(Font)                  OT1/cmss/bx/n --> OT1/lmss/bx/n on input line 36.
LaTeX Font Info:    Overwriting math alphabet `\mathit' in version `bold'
(Font)                  OT1/cmr/bx/it --> OT1/lmr/bx/it on input line 37.
LaTeX Font Info:    Overwriting math alphabet `\mathtt' in version `bold'
(Font)                  OT1/cmtt/m/n --> OT1/lmtt/m/n on input line 38.
)
("C:\Program Files\MiKTeX 2.9\tex\latex\base\fontenc.sty"
Package: fontenc 2017/01/24 v2.0c Standard LaTeX package

("C:\Program Files\MiKTeX 2.9\tex\latex\base\t1enc.def"
File: t1enc.def 2017/01/24 v2.0c Standard LaTeX file
LaTeX Font Info:    Redeclaring font encoding T1 on input line 48.
))
("C:\Program Files\MiKTeX 2.9\tex\generic\babel\babel.sty"
Package: babel 2016/04/23 3.9r The Babel package

*************************************
* Local config file bblopts.cfg used
*
("C:\Program Files\MiKTeX 2.9\tex\latex\arabi\bblopts.cfg"
File: bblopts.cfg 2005/09/08 v0.1 add Arabic and Farsi to "declared" options of
 babel
)
("C:\Program Files\MiKTeX 2.9\tex\latex\babel-english\english.ldf"
Language: english 2017/01/24 v3.3q English support from the babel system

("C:\Program Files\MiKTeX 2.9\tex\generic\babel\babel.def"
File: babel.def 2016/04/23 3.9r Babel common definitions
\babel@savecnt=\count88
\U@D=\dimen103
)
\l@canadian = a dialect from \language\l@american 
\l@australian = a dialect from \language\l@british 
\l@newzealand = a dialect from \language\l@british 
)
("C:\Program Files\MiKTeX 2.9\tex\latex\babel-dutch\dutch.ldf"
Language: dutch 2005/03/30 v3.8i Dutch support from the babel system
Package babel Info: Making " an active character on input line 132.
))
("C:\Program Files\MiKTeX 2.9\tex\latex\geometry\geometry.sty"
Package: geometry 2010/09/12 v5.6 Page Geometry

("C:\Program Files\MiKTeX 2.9\tex\latex\graphics\keyval.sty"
Package: keyval 2014/10/28 v1.15 key=value parser (DPC)
\KV@toks@=\toks14
)
("C:\Program Files\MiKTeX 2.9\tex\generic\oberdiek\ifpdf.sty"
Package: ifpdf 2016/05/14 v3.1 Provides the ifpdf switch
)
("C:\Program Files\MiKTeX 2.9\tex\generic\oberdiek\ifvtex.sty"
Package: ifvtex 2016/05/16 v1.6 Detect VTeX and its facilities (HO)
Package ifvtex Info: VTeX not detected.
)
("C:\Program Files\MiKTeX 2.9\tex\generic\ifxetex\ifxetex.sty"
Package: ifxetex 2010/09/12 v0.6 Provides ifxetex conditional
)
\Gm@cnth=\count89
\Gm@cntv=\count90
\c@Gm@tempcnt=\count91
\Gm@bindingoffset=\dimen104
\Gm@wd@mp=\dimen105
\Gm@odd@mp=\dimen106
\Gm@even@mp=\dimen107
\Gm@layoutwidth=\dimen108
\Gm@layoutheight=\dimen109
\Gm@layouthoffset=\dimen110
\Gm@layoutvoffset=\dimen111
\Gm@dimlist=\toks15

("C:\Program Files\MiKTeX 2.9\tex\latex\geometry\geometry.cfg"))
("C:\Program Files\MiKTeX 2.9\tex\latex\pgf\frontendlayer\tikz.sty"
("C:\Program Files\MiKTeX 2.9\tex\latex\pgf\basiclayer\pgf.sty"
("C:\Program Files\MiKTeX 2.9\tex\latex\pgf\utilities\pgfrcs.sty"
("C:\Program Files\MiKTeX 2.9\tex\generic\pgf\utilities\pgfutil-common.tex"
\pgfutil@everybye=\toks16
\pgfutil@tempdima=\dimen112
\pgfutil@tempdimb=\dimen113

("C:\Program Files\MiKTeX 2.9\tex\generic\pgf\utilities\pgfutil-common-lists.te
x")) ("C:\Program Files\MiKTeX 2.9\tex\generic\pgf\utilities\pgfutil-latex.def"
\pgfutil@abb=\box26
("C:\Program Files\MiKTeX 2.9\tex\latex\ms\everyshi.sty"
Package: everyshi 2001/05/15 v3.00 EveryShipout Package (MS)
))
("C:\Program Files\MiKTeX 2.9\tex\generic\pgf\utilities\pgfrcs.code.tex"
Package: pgfrcs 2015/08/07 v3.0.1a (rcs-revision 1.31)
))
Package: pgf 2015/08/07 v3.0.1a (rcs-revision 1.15)

("C:\Program Files\MiKTeX 2.9\tex\latex\pgf\basiclayer\pgfcore.sty"
("C:\Program Files\MiKTeX 2.9\tex\latex\graphics\graphicx.sty"
Package: graphicx 2014/10/28 v1.0g Enhanced LaTeX Graphics (DPC,SPQR)

("C:\Program Files\MiKTeX 2.9\tex\latex\graphics\graphics.sty"
Package: graphics 2016/10/09 v1.0u Standard LaTeX Graphics (DPC,SPQR)

("C:\Program Files\MiKTeX 2.9\tex\latex\graphics\trig.sty"
Package: trig 2016/01/03 v1.10 sin cos tan (DPC)
)
("C:\Program Files\MiKTeX 2.9\tex\latex\graphics-cfg\graphics.cfg"
File: graphics.cfg 2016/06/04 v1.11 sample graphics configuration
)
Package graphics Info: Driver file: pdftex.def on input line 99.

("C:\Program Files\MiKTeX 2.9\tex\latex\graphics-def\pdftex.def"
File: pdftex.def 2017/01/12 v0.06k Graphics/color for pdfTeX

("C:\Program Files\MiKTeX 2.9\tex\generic\oberdiek\infwarerr.sty"
Package: infwarerr 2016/05/16 v1.4 Providing info/warning/error messages (HO)
)
("C:\Program Files\MiKTeX 2.9\tex\generic\oberdiek\ltxcmds.sty"
Package: ltxcmds 2016/05/16 v1.23 LaTeX kernel commands for general use (HO)
)
\Gread@gobject=\count92
))
\Gin@req@height=\dimen114
\Gin@req@width=\dimen115
)
("C:\Program Files\MiKTeX 2.9\tex\latex\pgf\systemlayer\pgfsys.sty"
("C:\Program Files\MiKTeX 2.9\tex\generic\pgf\systemlayer\pgfsys.code.tex"
Package: pgfsys 2014/07/09 v3.0.1a (rcs-revision 1.48)

("C:\Program Files\MiKTeX 2.9\tex\generic\pgf\utilities\pgfkeys.code.tex"
\pgfkeys@pathtoks=\toks17
\pgfkeys@temptoks=\toks18

("C:\Program Files\MiKTeX 2.9\tex\generic\pgf\utilities\pgfkeysfiltered.code.te
x"
\pgfkeys@tmptoks=\toks19
))
\pgf@x=\dimen116
\pgf@y=\dimen117
\pgf@xa=\dimen118
\pgf@ya=\dimen119
\pgf@xb=\dimen120
\pgf@yb=\dimen121
\pgf@xc=\dimen122
\pgf@yc=\dimen123
\w@pgf@writea=\write3
\r@pgf@reada=\read1
\c@pgf@counta=\count93
\c@pgf@countb=\count94
\c@pgf@countc=\count95
\c@pgf@countd=\count96
\t@pgf@toka=\toks20
\t@pgf@tokb=\toks21
\t@pgf@tokc=\toks22
 ("C:\Program Files\MiKTeX 2.9\tex\generic\pgf\systemlayer\pgf.cfg"
File: pgf.cfg 2008/05/14  (rcs-revision 1.7)
)
Driver file for pgf: pgfsys-pdftex.def

("C:\Program Files\MiKTeX 2.9\tex\generic\pgf\systemlayer\pgfsys-pdftex.def"
File: pgfsys-pdftex.def 2014/10/11  (rcs-revision 1.35)

("C:\Program Files\MiKTeX 2.9\tex\generic\pgf\systemlayer\pgfsys-common-pdf.def
"
File: pgfsys-common-pdf.def 2013/10/10  (rcs-revision 1.13)
)))
("C:\Program Files\MiKTeX 2.9\tex\generic\pgf\systemlayer\pgfsyssoftpath.code.t
ex"
File: pgfsyssoftpath.code.tex 2013/09/09  (rcs-revision 1.9)
\pgfsyssoftpath@smallbuffer@items=\count97
\pgfsyssoftpath@bigbuffer@items=\count98
)
("C:\Program Files\MiKTeX 2.9\tex\generic\pgf\systemlayer\pgfsysprotocol.code.t
ex"
File: pgfsysprotocol.code.tex 2006/10/16  (rcs-revision 1.4)
)) ("C:\Program Files\MiKTeX 2.9\tex\latex\xcolor\xcolor.sty"
Package: xcolor 2016/05/11 v2.12 LaTeX color extensions (UK)

("C:\Program Files\MiKTeX 2.9\tex\latex\graphics-cfg\color.cfg"
File: color.cfg 2016/01/02 v1.6 sample color configuration
)
Package xcolor Info: Driver file: pdftex.def on input line 225.
Package xcolor Info: Model `cmy' substituted by `cmy0' on input line 1348.
Package xcolor Info: Model `hsb' substituted by `rgb' on input line 1352.
Package xcolor Info: Model `RGB' extended on input line 1364.
Package xcolor Info: Model `HTML' substituted by `rgb' on input line 1366.
Package xcolor Info: Model `Hsb' substituted by `hsb' on input line 1367.
Package xcolor Info: Model `tHsb' substituted by `hsb' on input line 1368.
Package xcolor Info: Model `HSB' substituted by `hsb' on input line 1369.
Package xcolor Info: Model `Gray' substituted by `gray' on input line 1370.
Package xcolor Info: Model `wave' substituted by `hsb' on input line 1371.
)
("C:\Program Files\MiKTeX 2.9\tex\generic\pgf\basiclayer\pgfcore.code.tex"
Package: pgfcore 2010/04/11 v3.0.1a (rcs-revision 1.7)

("C:\Program Files\MiKTeX 2.9\tex\generic\pgf\math\pgfmath.code.tex"
("C:\Program Files\MiKTeX 2.9\tex\generic\pgf\math\pgfmathcalc.code.tex"
("C:\Program Files\MiKTeX 2.9\tex\generic\pgf\math\pgfmathutil.code.tex")
("C:\Program Files\MiKTeX 2.9\tex\generic\pgf\math\pgfmathparser.code.tex"
\pgfmath@dimen=\dimen124
\pgfmath@count=\count99
\pgfmath@box=\box27
\pgfmath@toks=\toks23
\pgfmath@stack@operand=\toks24
\pgfmath@stack@operation=\toks25
)
("C:\Program Files\MiKTeX 2.9\tex\generic\pgf\math\pgfmathfunctions.code.tex"
("C:\Program Files\MiKTeX 2.9\tex\generic\pgf\math\pgfmathfunctions.basic.code.
tex")
("C:\Program Files\MiKTeX 2.9\tex\generic\pgf\math\pgfmathfunctions.trigonometr
ic.code.tex")
("C:\Program Files\MiKTeX 2.9\tex\generic\pgf\math\pgfmathfunctions.random.code
.tex")
("C:\Program Files\MiKTeX 2.9\tex\generic\pgf\math\pgfmathfunctions.comparison.
code.tex")
("C:\Program Files\MiKTeX 2.9\tex\generic\pgf\math\pgfmathfunctions.base.code.t
ex")
("C:\Program Files\MiKTeX 2.9\tex\generic\pgf\math\pgfmathfunctions.round.code.
tex")
("C:\Program Files\MiKTeX 2.9\tex\generic\pgf\math\pgfmathfunctions.misc.code.t
ex")
("C:\Program Files\MiKTeX 2.9\tex\generic\pgf\math\pgfmathfunctions.integerarit
hmetics.code.tex")))
("C:\Program Files\MiKTeX 2.9\tex\generic\pgf\math\pgfmathfloat.code.tex"
\c@pgfmathroundto@lastzeros=\count100
))
("C:\Program Files\MiKTeX 2.9\tex\generic\pgf\basiclayer\pgfcorepoints.code.tex
"
File: pgfcorepoints.code.tex 2013/10/07  (rcs-revision 1.27)
\pgf@picminx=\dimen125
\pgf@picmaxx=\dimen126
\pgf@picminy=\dimen127
\pgf@picmaxy=\dimen128
\pgf@pathminx=\dimen129
\pgf@pathmaxx=\dimen130
\pgf@pathminy=\dimen131
\pgf@pathmaxy=\dimen132
\pgf@xx=\dimen133
\pgf@xy=\dimen134
\pgf@yx=\dimen135
\pgf@yy=\dimen136
\pgf@zx=\dimen137
\pgf@zy=\dimen138
)
("C:\Program Files\MiKTeX 2.9\tex\generic\pgf\basiclayer\pgfcorepathconstruct.c
ode.tex"
File: pgfcorepathconstruct.code.tex 2013/10/07  (rcs-revision 1.29)
\pgf@path@lastx=\dimen139
\pgf@path@lasty=\dimen140
)
("C:\Program Files\MiKTeX 2.9\tex\generic\pgf\basiclayer\pgfcorepathusage.code.
tex"
File: pgfcorepathusage.code.tex 2014/11/02  (rcs-revision 1.24)
\pgf@shorten@end@additional=\dimen141
\pgf@shorten@start@additional=\dimen142
)
("C:\Program Files\MiKTeX 2.9\tex\generic\pgf\basiclayer\pgfcorescopes.code.tex
"
File: pgfcorescopes.code.tex 2015/05/08  (rcs-revision 1.46)
\pgfpic=\box28
\pgf@hbox=\box29
\pgf@layerbox@main=\box30
\pgf@picture@serial@count=\count101
)
("C:\Program Files\MiKTeX 2.9\tex\generic\pgf\basiclayer\pgfcoregraphicstate.co
de.tex"
File: pgfcoregraphicstate.code.tex 2014/11/02  (rcs-revision 1.12)
\pgflinewidth=\dimen143
)
("C:\Program Files\MiKTeX 2.9\tex\generic\pgf\basiclayer\pgfcoretransformations
.code.tex"
File: pgfcoretransformations.code.tex 2015/08/07  (rcs-revision 1.20)
\pgf@pt@x=\dimen144
\pgf@pt@y=\dimen145
\pgf@pt@temp=\dimen146
)
("C:\Program Files\MiKTeX 2.9\tex\generic\pgf\basiclayer\pgfcorequick.code.tex"
File: pgfcorequick.code.tex 2008/10/09  (rcs-revision 1.3)
)
("C:\Program Files\MiKTeX 2.9\tex\generic\pgf\basiclayer\pgfcoreobjects.code.te
x"
File: pgfcoreobjects.code.tex 2006/10/11  (rcs-revision 1.2)
)
("C:\Program Files\MiKTeX 2.9\tex\generic\pgf\basiclayer\pgfcorepathprocessing.
code.tex"
File: pgfcorepathprocessing.code.tex 2013/09/09  (rcs-revision 1.9)
)
("C:\Program Files\MiKTeX 2.9\tex\generic\pgf\basiclayer\pgfcorearrows.code.tex
"
File: pgfcorearrows.code.tex 2015/05/14  (rcs-revision 1.43)
\pgfarrowsep=\dimen147
)
("C:\Program Files\MiKTeX 2.9\tex\generic\pgf\basiclayer\pgfcoreshade.code.tex"
File: pgfcoreshade.code.tex 2013/07/15  (rcs-revision 1.15)
\pgf@max=\dimen148
\pgf@sys@shading@range@num=\count102
) ("C:\Program Files\MiKTeX 2.9\tex\generic\pgf\basiclayer\pgfcoreimage.code.te
x"
File: pgfcoreimage.code.tex 2013/07/15  (rcs-revision 1.18)

("C:\Program Files\MiKTeX 2.9\tex\generic\pgf\basiclayer\pgfcoreexternal.code.t
ex"
File: pgfcoreexternal.code.tex 2014/07/09  (rcs-revision 1.21)
\pgfexternal@startupbox=\box31
))
("C:\Program Files\MiKTeX 2.9\tex\generic\pgf\basiclayer\pgfcorelayers.code.tex
"
File: pgfcorelayers.code.tex 2013/07/18  (rcs-revision 1.7)
)
("C:\Program Files\MiKTeX 2.9\tex\generic\pgf\basiclayer\pgfcoretransparency.co
de.tex"
File: pgfcoretransparency.code.tex 2013/09/30  (rcs-revision 1.5)
)
("C:\Program Files\MiKTeX 2.9\tex\generic\pgf\basiclayer\pgfcorepatterns.code.t
ex"
File: pgfcorepatterns.code.tex 2013/11/07  (rcs-revision 1.5)
)))
("C:\Program Files\MiKTeX 2.9\tex\generic\pgf\modules\pgfmoduleshapes.code.tex"
File: pgfmoduleshapes.code.tex 2014/03/21  (rcs-revision 1.35)
\pgfnodeparttextbox=\box32
) ("C:\Program Files\MiKTeX 2.9\tex\generic\pgf\modules\pgfmoduleplot.code.tex"
File: pgfmoduleplot.code.tex 2015/08/03  (rcs-revision 1.13)
)
("C:\Program Files\MiKTeX 2.9\tex\latex\pgf\compatibility\pgfcomp-version-0-65.
sty"
Package: pgfcomp-version-0-65 2007/07/03 v3.0.1a (rcs-revision 1.7)
\pgf@nodesepstart=\dimen149
\pgf@nodesepend=\dimen150
)
("C:\Program Files\MiKTeX 2.9\tex\latex\pgf\compatibility\pgfcomp-version-1-18.
sty"
Package: pgfcomp-version-1-18 2007/07/23 v3.0.1a (rcs-revision 1.1)
)) ("C:\Program Files\MiKTeX 2.9\tex\latex\pgf\utilities\pgffor.sty"
("C:\Program Files\MiKTeX 2.9\tex\latex\pgf\utilities\pgfkeys.sty"
("C:\Program Files\MiKTeX 2.9\tex\generic\pgf\utilities\pgfkeys.code.tex"))
("C:\Program Files\MiKTeX 2.9\tex\latex\pgf\math\pgfmath.sty"
("C:\Program Files\MiKTeX 2.9\tex\generic\pgf\math\pgfmath.code.tex"))
("C:\Program Files\MiKTeX 2.9\tex\generic\pgf\utilities\pgffor.code.tex"
Package: pgffor 2013/12/13 v3.0.1a (rcs-revision 1.25)

("C:\Program Files\MiKTeX 2.9\tex\generic\pgf\math\pgfmath.code.tex")
\pgffor@iter=\dimen151
\pgffor@skip=\dimen152
\pgffor@stack=\toks26
\pgffor@toks=\toks27
))
("C:\Program Files\MiKTeX 2.9\tex\generic\pgf\frontendlayer\tikz\tikz.code.tex"
Package: tikz 2015/08/07 v3.0.1a (rcs-revision 1.151)

("C:\Program Files\MiKTeX 2.9\tex\generic\pgf\libraries\pgflibraryplothandlers.
code.tex"
File: pgflibraryplothandlers.code.tex 2013/08/31 v3.0.1a (rcs-revision 1.20)
\pgf@plot@mark@count=\count103
\pgfplotmarksize=\dimen153
)
\tikz@lastx=\dimen154
\tikz@lasty=\dimen155
\tikz@lastxsaved=\dimen156
\tikz@lastysaved=\dimen157
\tikzleveldistance=\dimen158
\tikzsiblingdistance=\dimen159
\tikz@figbox=\box33
\tikz@figbox@bg=\box34
\tikz@tempbox=\box35
\tikz@tempbox@bg=\box36
\tikztreelevel=\count104
\tikznumberofchildren=\count105
\tikznumberofcurrentchild=\count106
\tikz@fig@count=\count107

("C:\Program Files\MiKTeX 2.9\tex\generic\pgf\modules\pgfmodulematrix.code.tex"
File: pgfmodulematrix.code.tex 2013/09/17  (rcs-revision 1.8)
\pgfmatrixcurrentrow=\count108
\pgfmatrixcurrentcolumn=\count109
\pgf@matrix@numberofcolumns=\count110
)
\tikz@expandcount=\count111

("C:\Program Files\MiKTeX 2.9\tex\generic\pgf\frontendlayer\tikz\libraries\tikz
librarytopaths.code.tex"
File: tikzlibrarytopaths.code.tex 2008/06/17 v3.0.1a (rcs-revision 1.2)
)))
("C:\Program Files\MiKTeX 2.9\tex\generic\pgf\frontendlayer\tikz\libraries\tikz
libraryarrows.code.tex"
File: tikzlibraryarrows.code.tex 2008/01/09 v3.0.1a (rcs-revision 1.1)

("C:\Program Files\MiKTeX 2.9\tex\generic\pgf\libraries\pgflibraryarrows.code.t
ex"
File: pgflibraryarrows.code.tex 2013/09/23 v3.0.1a (rcs-revision 1.16)
\arrowsize=\dimen160
)) ("C:\Program Files\MiKTeX 2.9\tex\latex\tikz-qtree\tikz-qtree.sty"
("C:\Program Files\MiKTeX 2.9\tex\latex\tikz-qtree\pgftree.sty"
("C:\Program Files\MiKTeX 2.9\tex\latex\tikz-qtree\pgfsubpic.sty"
("C:\Program Files\MiKTeX 2.9\tex\generic\tikz-qtree\pgfsubpic.tex"
\pgf@subpicminx=\dimen161
\pgf@subpicminy=\dimen162
\pgf@subpicmaxx=\dimen163
\pgf@subpicmaxy=\dimen164
))
("C:\Program Files\MiKTeX 2.9\tex\generic\tikz-qtree\pgftree.tex"
\levelsep=\dimen165
\subtreesep=\dimen166
\smuggle@levelsep=\dimen167
\smuggle@subtreesep=\dimen168
\this@levelsep=\dimen169
\this@subtreesep=\dimen170
\pgftree@childx=\dimen171
\pgftree@savechildx=\dimen172
\pgftree@childy=\dimen173
\pgftree@savechildy=\dimen174
\pgftree@childi=\count112
\pgftree@savechildi=\count113
\pgftree@level=\count114
\pgftree@depth=\dimen175
\pgf@subpic@hbox@children=\box37
\pgf@subpic@minx@children=\dimen176
\pgf@subpic@miny@children=\dimen177
\pgf@subpic@maxx@children=\dimen178
\pgf@subpic@maxy@children=\dimen179
\pgftree@lastchildx=\dimen180
\pgftree@lastchildy=\dimen181
))
("C:\Program Files\MiKTeX 2.9\tex\generic\tikz-qtree\tikz-qtree.tex"
\@result=\toks28
\child@list=\toks29
\root@node=\toks30
))
("C:\Program Files\MiKTeX 2.9\tex\generic\pgf\frontendlayer\tikz\libraries\tikz
librarybackgrounds.code.tex"
File: tikzlibrarybackgrounds.code.tex 2013/07/18 v3.0.1a (rcs-revision 1.3)
\pgf@layerbox@background=\box38
\pgf@layerboxsaved@background=\box39
) (macros.tex
("C:\Program Files\MiKTeX 2.9\tex\latex\base\fontenc.sty"
Package: fontenc 2017/01/24 v2.0c Standard LaTeX package

("C:\Program Files\MiKTeX 2.9\tex\latex\base\t1enc.def"
File: t1enc.def 2017/01/24 v2.0c Standard LaTeX file
LaTeX Font Info:    Redeclaring font encoding T1 on input line 48.
))
("C:\Program Files\MiKTeX 2.9\tex\latex\amsmath\amsmath.sty"
Package: amsmath 2016/11/05 v2.16a AMS math features
\@mathmargin=\skip43

For additional information on amsmath, use the `?' option.
("C:\Program Files\MiKTeX 2.9\tex\latex\amsmath\amstext.sty"
Package: amstext 2000/06/29 v2.01 AMS text

("C:\Program Files\MiKTeX 2.9\tex\latex\amsmath\amsgen.sty"
File: amsgen.sty 1999/11/30 v2.0 generic functions
\@emptytoks=\toks31
\ex@=\dimen182
))
("C:\Program Files\MiKTeX 2.9\tex\latex\amsmath\amsbsy.sty"
Package: amsbsy 1999/11/29 v1.2d Bold Symbols
\pmbraise@=\dimen183
)
("C:\Program Files\MiKTeX 2.9\tex\latex\amsmath\amsopn.sty"
Package: amsopn 2016/03/08 v2.02 operator names
)
\inf@bad=\count115
LaTeX Info: Redefining \frac on input line 213.
\uproot@=\count116
\leftroot@=\count117
LaTeX Info: Redefining \overline on input line 375.
\classnum@=\count118
\DOTSCASE@=\count119
LaTeX Info: Redefining \ldots on input line 472.
LaTeX Info: Redefining \dots on input line 475.
LaTeX Info: Redefining \cdots on input line 596.
\Mathstrutbox@=\box40
\strutbox@=\box41
\big@size=\dimen184
LaTeX Font Info:    Redeclaring font encoding OML on input line 712.
LaTeX Font Info:    Redeclaring font encoding OMS on input line 713.
\macc@depth=\count120
\c@MaxMatrixCols=\count121
\dotsspace@=\muskip10
\c@parentequation=\count122
\dspbrk@lvl=\count123
\tag@help=\toks32
\row@=\count124
\column@=\count125
\maxfields@=\count126
\andhelp@=\toks33
\eqnshift@=\dimen185
\alignsep@=\dimen186
\tagshift@=\dimen187
\tagwidth@=\dimen188
\totwidth@=\dimen189
\lineht@=\dimen190
\@envbody=\toks34
\multlinegap=\skip44
\multlinetaggap=\skip45
\mathdisplay@stack=\toks35
LaTeX Info: Redefining \[ on input line 2817.
LaTeX Info: Redefining \] on input line 2818.
)
("C:\Program Files\MiKTeX 2.9\tex\latex\amsfonts\amsfonts.sty"
Package: amsfonts 2013/01/14 v3.01 Basic AMSFonts support
\symAMSa=\mathgroup4
\symAMSb=\mathgroup5
LaTeX Font Info:    Overwriting math alphabet `\mathfrak' in version `bold'
(Font)                  U/euf/m/n --> U/euf/b/n on input line 106.
)
("C:\Program Files\MiKTeX 2.9\tex\latex\amsfonts\amssymb.sty"
Package: amssymb 2013/01/14 v3.01 AMS font symbols
)
("C:\Program Files\MiKTeX 2.9\tex\latex\amscls\amsthm.sty"
Package: amsthm 2015/03/04 v2.20.2
\thm@style=\toks36
\thm@bodyfont=\toks37
\thm@headfont=\toks38
\thm@notefont=\toks39
\thm@headpunct=\toks40
\thm@preskip=\skip46
\thm@postskip=\skip47
\thm@headsep=\skip48
\dth@everypar=\toks41
)
("C:\Program Files\MiKTeX 2.9\tex\latex\jknappen\mathrsfs.sty"
Package: mathrsfs 1996/01/01 Math RSFS package v1.0 (jk)
\symrsfs=\mathgroup6
)
("C:\Program Files\MiKTeX 2.9\tex\latex\doublestroke\dsfont.sty"
Package: dsfont 1995/08/01 v0.1 Double stroke roman fonts
)
("C:\Program Files\MiKTeX 2.9\tex\latex\hyperref\hyperref.sty"
Package: hyperref 2016/06/24 v6.83q Hypertext links for LaTeX

("C:\Program Files\MiKTeX 2.9\tex\generic\oberdiek\hobsub-hyperref.sty"
Package: hobsub-hyperref 2016/05/16 v1.14 Bundle oberdiek, subset hyperref (HO)


("C:\Program Files\MiKTeX 2.9\tex\generic\oberdiek\hobsub-generic.sty"
Package: hobsub-generic 2016/05/16 v1.14 Bundle oberdiek, subset generic (HO)
Package: hobsub 2016/05/16 v1.14 Construct package bundles (HO)
Package hobsub Info: Skipping package `infwarerr' (already loaded).
Package hobsub Info: Skipping package `ltxcmds' (already loaded).
Package: ifluatex 2016/05/16 v1.4 Provides the ifluatex switch (HO)
Package ifluatex Info: LuaTeX not detected.
Package hobsub Info: Skipping package `ifvtex' (already loaded).
Package: intcalc 2016/05/16 v1.2 Expandable calculations with integers (HO)
Package hobsub Info: Skipping package `ifpdf' (already loaded).
Package: etexcmds 2016/05/16 v1.6 Avoid name clashes with e-TeX commands (HO)
Package etexcmds Info: Could not find \expanded.
(etexcmds)             That can mean that you are not using pdfTeX 1.50 or
(etexcmds)             that some package has redefined \expanded.
(etexcmds)             In the latter case, load this package earlier.
Package: kvsetkeys 2016/05/16 v1.17 Key value parser (HO)
Package: kvdefinekeys 2016/05/16 v1.4 Define keys (HO)
Package: pdftexcmds 2016/05/21 v0.22 Utility functions of pdfTeX for LuaTeX (HO
)
Package pdftexcmds Info: LuaTeX not detected.
Package pdftexcmds Info: \pdf@primitive is available.
Package pdftexcmds Info: \pdf@ifprimitive is available.
Package pdftexcmds Info: \pdfdraftmode found.
Package: pdfescape 2016/05/16 v1.14 Implements pdfTeX's escape features (HO)
Package: bigintcalc 2016/05/16 v1.4 Expandable calculations on big integers (HO
)
Package: bitset 2016/05/16 v1.2 Handle bit-vector datatype (HO)
Package: uniquecounter 2016/05/16 v1.3 Provide unlimited unique counter (HO)
)
Package hobsub Info: Skipping package `hobsub' (already loaded).
Package: letltxmacro 2016/05/16 v1.5 Let assignment for LaTeX macros (HO)
Package: hopatch 2016/05/16 v1.3 Wrapper for package hooks (HO)
Package: xcolor-patch 2016/05/16 xcolor patch
Package: atveryend 2016/05/16 v1.9 Hooks at the very end of document (HO)
Package atveryend Info: \enddocument detected (standard20110627).
Package: atbegshi 2016/06/09 v1.18 At begin shipout hook (HO)
Package: refcount 2016/05/16 v3.5 Data extraction from label references (HO)
Package: hycolor 2016/05/16 v1.8 Color options for hyperref/bookmark (HO)
)
("C:\Program Files\MiKTeX 2.9\tex\latex\oberdiek\auxhook.sty"
Package: auxhook 2016/05/16 v1.4 Hooks for auxiliary files (HO)
)
("C:\Program Files\MiKTeX 2.9\tex\latex\oberdiek\kvoptions.sty"
Package: kvoptions 2016/05/16 v3.12 Key value format for package options (HO)
)
\@linkdim=\dimen191
\Hy@linkcounter=\count127
\Hy@pagecounter=\count128

("C:\Program Files\MiKTeX 2.9\tex\latex\hyperref\pd1enc.def"
File: pd1enc.def 2016/06/24 v6.83q Hyperref: PDFDocEncoding definition (HO)
)
\Hy@SavedSpaceFactor=\count129

("C:\Program Files\MiKTeX 2.9\tex\latex\00miktex\hyperref.cfg"
File: hyperref.cfg 2002/06/06 v1.2 hyperref configuration of TeXLive
)
Package hyperref Info: Hyper figures OFF on input line 4486.
Package hyperref Info: Link nesting OFF on input line 4491.
Package hyperref Info: Hyper index ON on input line 4494.
Package hyperref Info: Plain pages OFF on input line 4501.
Package hyperref Info: Backreferencing OFF on input line 4506.
Package hyperref Info: Implicit mode ON; LaTeX internals redefined.
Package hyperref Info: Bookmarks ON on input line 4735.
\c@Hy@tempcnt=\count130

("C:\Program Files\MiKTeX 2.9\tex\latex\url\url.sty"
\Urlmuskip=\muskip11
Package: url 2013/09/16  ver 3.4  Verb mode for urls, etc.
)
LaTeX Info: Redefining \url on input line 5088.
\XeTeXLinkMargin=\dimen192
\Fld@menulength=\count131
\Field@Width=\dimen193
\Fld@charsize=\dimen194
Package hyperref Info: Hyper figures OFF on input line 6342.
Package hyperref Info: Link nesting OFF on input line 6347.
Package hyperref Info: Hyper index ON on input line 6350.
Package hyperref Info: backreferencing OFF on input line 6357.
Package hyperref Info: Link coloring OFF on input line 6362.
Package hyperref Info: Link coloring with OCG OFF on input line 6367.
Package hyperref Info: PDF/A mode OFF on input line 6372.
LaTeX Info: Redefining \ref on input line 6412.
LaTeX Info: Redefining \pageref on input line 6416.
\Hy@abspage=\count132
\c@Item=\count133
\c@Hfootnote=\count134
)

Package hyperref Message: Driver (autodetected): hpdftex.

("C:\Program Files\MiKTeX 2.9\tex\latex\hyperref\hpdftex.def"
File: hpdftex.def 2016/06/24 v6.83q Hyperref driver for pdfTeX
\Fld@listcount=\count135
\c@bookmark@seq@number=\count136

("C:\Program Files\MiKTeX 2.9\tex\latex\oberdiek\rerunfilecheck.sty"
Package: rerunfilecheck 2016/05/16 v1.8 Rerun checks for auxiliary files (HO)
Package uniquecounter Info: New unique counter `rerunfilecheck' on input line 2
82.
)
\Hy@SectionHShift=\skip49
)
("C:\Program Files\MiKTeX 2.9\tex\latex\setspace\setspace.sty"
Package: setspace 2011/12/19 v6.7a set line spacing
)
("C:\Program Files\MiKTeX 2.9\tex\latex\wrapfig\wrapfig.sty"
\wrapoverhang=\dimen195
\WF@size=\dimen196
\c@WF@wrappedlines=\count137
\WF@box=\box42
\WF@everypar=\toks42
Package: wrapfig 2003/01/31  v 3.6
)
("C:\Program Files\MiKTeX 2.9\tex\latex\float\float.sty"
Package: float 2001/11/08 v1.3d Float enhancements (AL)
\c@float@type=\count138
\float@exts=\toks43
\float@box=\box43
\@float@everytoks=\toks44
\@floatcapt=\box44
)
("C:\Program Files\MiKTeX 2.9\tex\latex\caption\subcaption.sty"
Package: subcaption 2016/05/22 v1.1-161 Sub-captions (AR)

("C:\Program Files\MiKTeX 2.9\tex\latex\caption\caption.sty"
Package: caption 2016/02/21 v3.3-144 Customizing captions (AR)

("C:\Program Files\MiKTeX 2.9\tex\latex\caption\caption3.sty"
Package: caption3 2016/05/22 v1.7-166 caption3 kernel (AR)
Package caption3 Info: TeX engine: e-TeX on input line 67.
\captionmargin=\dimen197
\captionmargin@=\dimen198
\captionwidth=\dimen199
\caption@tempdima=\dimen256
\caption@indent=\dimen257
\caption@parindent=\dimen258
\caption@hangindent=\dimen259
)
\c@ContinuedFloat=\count139
Package caption Info: float package is loaded.
Package caption Info: hyperref package is loaded.
Package caption Info: wrapfig package is loaded.
)
\c@subfigure=\count140
\c@subtable=\count141
)
("C:\Program Files\MiKTeX 2.9\tex\latex\tools\showkeys.sty"
Package: showkeys 2014/10/28 v3.17 Show cite and label keys (DPC, MH)
)
("C:\Program Files\MiKTeX 2.9\tex\latex\enumitem\enumitem.sty"
Package: enumitem 2011/09/28 v3.5.2 Customized lists
\labelindent=\skip50
\enit@outerparindent=\dimen260
\enit@toks=\toks45
\enit@inbox=\box45
\enitdp@description=\count142
)
("C:\Program Files\MiKTeX 2.9\tex\latex\mathtools\mathtools.sty"
Package: mathtools 2017/05/24 v1.19 mathematical typesetting tools

("C:\Program Files\MiKTeX 2.9\tex\latex\tools\calc.sty"
Package: calc 2014/10/28 v4.3 Infix arithmetic (KKT,FJ)
\calc@Acount=\count143
\calc@Bcount=\count144
\calc@Adimen=\dimen261
\calc@Bdimen=\dimen262
\calc@Askip=\skip51
\calc@Bskip=\skip52
LaTeX Info: Redefining \setlength on input line 80.
LaTeX Info: Redefining \addtolength on input line 81.
\calc@Ccount=\count145
\calc@Cskip=\skip53
)
("C:\Program Files\MiKTeX 2.9\tex\latex\mathtools\mhsetup.sty"
Package: mhsetup 2017/03/31 v1.3 programming setup (MH)
)
LaTeX Info: Thecontrolsequence`\('isalreadyrobust on input line 129.
LaTeX Info: Thecontrolsequence`\)'isalreadyrobust on input line 129.
LaTeX Info: Thecontrolsequence`\['isalreadyrobust on input line 129.
LaTeX Info: Thecontrolsequence`\]'isalreadyrobust on input line 129.
\g_MT_multlinerow_int=\count146
\l_MT_multwidth_dim=\dimen263
\origjot=\skip54
\l_MT_shortvdotswithinadjustabove_dim=\dimen264
\l_MT_shortvdotswithinadjustbelow_dim=\dimen265
\l_MT_above_intertext_sep=\dimen266
\l_MT_below_intertext_sep=\dimen267
\l_MT_above_shortintertext_sep=\dimen268
\l_MT_below_shortintertext_sep=\dimen269
)
("C:\Program Files\MiKTeX 2.9\tex\latex\tools\verbatim.sty"
Package: verbatim 2014/10/28 v1.5q LaTeX2e package for verbatim enhancements
\every@verbatim=\toks46
\verbatim@line=\toks47
\verbatim@in@stream=\read2
)
("C:\Program Files\MiKTeX 2.9\tex\latex\base\textcomp.sty"
Package: textcomp 2017/01/24 v2.0c Standard LaTeX package
Package textcomp Info: Sub-encoding information:
(textcomp)               5 = only ISO-Adobe without \textcurrency
(textcomp)               4 = 5 + \texteuro
(textcomp)               3 = 4 + \textohm
(textcomp)               2 = 3 + \textestimated + \textcurrency
(textcomp)               1 = TS1 - \textcircled - \t
(textcomp)               0 = TS1 (full)
(textcomp)             Font families with sub-encoding setting implement
(textcomp)             only a restricted character set as indicated.
(textcomp)             Family '?' is the default used for unknown fonts.
(textcomp)             See the documentation for details.
Package textcomp Info: Setting ? sub-encoding to TS1/1 on input line 79.

("C:\Program Files\MiKTeX 2.9\tex\latex\base\ts1enc.def"
File: ts1enc.def 2001/06/05 v3.0e (jk/car/fm) Standard LaTeX file
)
LaTeX Info: Redefining \oldstylenums on input line 334.
Package textcomp Info: Setting cmr sub-encoding to TS1/0 on input line 349.
Package textcomp Info: Setting cmss sub-encoding to TS1/0 on input line 350.
Package textcomp Info: Setting cmtt sub-encoding to TS1/0 on input line 351.
Package textcomp Info: Setting cmvtt sub-encoding to TS1/0 on input line 352.
Package textcomp Info: Setting cmbr sub-encoding to TS1/0 on input line 353.
Package textcomp Info: Setting cmtl sub-encoding to TS1/0 on input line 354.
Package textcomp Info: Setting ccr sub-encoding to TS1/0 on input line 355.
Package textcomp Info: Setting ptm sub-encoding to TS1/4 on input line 356.
Package textcomp Info: Setting pcr sub-encoding to TS1/4 on input line 357.
Package textcomp Info: Setting phv sub-encoding to TS1/4 on input line 358.
Package textcomp Info: Setting ppl sub-encoding to TS1/3 on input line 359.
Package textcomp Info: Setting pag sub-encoding to TS1/4 on input line 360.
Package textcomp Info: Setting pbk sub-encoding to TS1/4 on input line 361.
Package textcomp Info: Setting pnc sub-encoding to TS1/4 on input line 362.
Package textcomp Info: Setting pzc sub-encoding to TS1/4 on input line 363.
Package textcomp Info: Setting bch sub-encoding to TS1/4 on input line 364.
Package textcomp Info: Setting put sub-encoding to TS1/5 on input line 365.
Package textcomp Info: Setting uag sub-encoding to TS1/5 on input line 366.
Package textcomp Info: Setting ugq sub-encoding to TS1/5 on input line 367.
Package textcomp Info: Setting ul8 sub-encoding to TS1/4 on input line 368.
Package textcomp Info: Setting ul9 sub-encoding to TS1/4 on input line 369.
Package textcomp Info: Setting augie sub-encoding to TS1/5 on input line 370.
Package textcomp Info: Setting dayrom sub-encoding to TS1/3 on input line 371.
Package textcomp Info: Setting dayroms sub-encoding to TS1/3 on input line 372.

Package textcomp Info: Setting pxr sub-encoding to TS1/0 on input line 373.
Package textcomp Info: Setting pxss sub-encoding to TS1/0 on input line 374.
Package textcomp Info: Setting pxtt sub-encoding to TS1/0 on input line 375.
Package textcomp Info: Setting txr sub-encoding to TS1/0 on input line 376.
Package textcomp Info: Setting txss sub-encoding to TS1/0 on input line 377.
Package textcomp Info: Setting txtt sub-encoding to TS1/0 on input line 378.
Package textcomp Info: Setting lmr sub-encoding to TS1/0 on input line 379.
Package textcomp Info: Setting lmdh sub-encoding to TS1/0 on input line 380.
Package textcomp Info: Setting lmss sub-encoding to TS1/0 on input line 381.
Package textcomp Info: Setting lmssq sub-encoding to TS1/0 on input line 382.
Package textcomp Info: Setting lmvtt sub-encoding to TS1/0 on input line 383.
Package textcomp Info: Setting lmtt sub-encoding to TS1/0 on input line 384.
Package textcomp Info: Setting qhv sub-encoding to TS1/0 on input line 385.
Package textcomp Info: Setting qag sub-encoding to TS1/0 on input line 386.
Package textcomp Info: Setting qbk sub-encoding to TS1/0 on input line 387.
Package textcomp Info: Setting qcr sub-encoding to TS1/0 on input line 388.
Package textcomp Info: Setting qcs sub-encoding to TS1/0 on input line 389.
Package textcomp Info: Setting qpl sub-encoding to TS1/0 on input line 390.
Package textcomp Info: Setting qtm sub-encoding to TS1/0 on input line 391.
Package textcomp Info: Setting qzc sub-encoding to TS1/0 on input line 392.
Package textcomp Info: Setting qhvc sub-encoding to TS1/0 on input line 393.
Package textcomp Info: Setting futs sub-encoding to TS1/4 on input line 394.
Package textcomp Info: Setting futx sub-encoding to TS1/4 on input line 395.
Package textcomp Info: Setting futj sub-encoding to TS1/4 on input line 396.
Package textcomp Info: Setting hlh sub-encoding to TS1/3 on input line 397.
Package textcomp Info: Setting hls sub-encoding to TS1/3 on input line 398.
Package textcomp Info: Setting hlst sub-encoding to TS1/3 on input line 399.
Package textcomp Info: Setting hlct sub-encoding to TS1/5 on input line 400.
Package textcomp Info: Setting hlx sub-encoding to TS1/5 on input line 401.
Package textcomp Info: Setting hlce sub-encoding to TS1/5 on input line 402.
Package textcomp Info: Setting hlcn sub-encoding to TS1/5 on input line 403.
Package textcomp Info: Setting hlcw sub-encoding to TS1/5 on input line 404.
Package textcomp Info: Setting hlcf sub-encoding to TS1/5 on input line 405.
Package textcomp Info: Setting pplx sub-encoding to TS1/3 on input line 406.
Package textcomp Info: Setting pplj sub-encoding to TS1/3 on input line 407.
Package textcomp Info: Setting ptmx sub-encoding to TS1/4 on input line 408.
Package textcomp Info: Setting ptmj sub-encoding to TS1/4 on input line 409.
)
("C:\Program Files\MiKTeX 2.9\tex\latex\tocbibind\tocbibind.sty"
Package: tocbibind 2010/10/13 v1.5k extra ToC listings
Package tocbibind Info: The document has chapter divisions on input line 50.


Package tocbibind Note: Using chapter style headings, unless overridden.

) ("C:\Program Files\MiKTeX 2.9\tex\latex\tocloft\tocloft.sty"
Package: tocloft 2013/05/02 v2.3f parameterised ToC, etc., typesetting
Package tocloft Info: The document has chapter divisions on input line 44.
\cftparskip=\skip55
\cftbeforetoctitleskip=\skip56
\cftaftertoctitleskip=\skip57
\cftbeforepartskip=\skip58
\cftpartnumwidth=\skip59
\cftpartindent=\skip60
\cftbeforechapskip=\skip61
\cftchapindent=\skip62
\cftchapnumwidth=\skip63
\cftbeforesecskip=\skip64
\cftsecindent=\skip65
\cftsecnumwidth=\skip66
\cftbeforesubsecskip=\skip67
\cftsubsecindent=\skip68
\cftsubsecnumwidth=\skip69
\cftbeforesubsubsecskip=\skip70
\cftsubsubsecindent=\skip71
\cftsubsubsecnumwidth=\skip72
\cftbeforeparaskip=\skip73
\cftparaindent=\skip74
\cftparanumwidth=\skip75
\cftbeforesubparaskip=\skip76
\cftsubparaindent=\skip77
\cftsubparanumwidth=\skip78
\cftbeforeloftitleskip=\skip79
\cftafterloftitleskip=\skip80
\cftbeforefigskip=\skip81
\cftfigindent=\skip82
\cftfignumwidth=\skip83
\c@lofdepth=\count147
\c@lotdepth=\count148
\cftbeforelottitleskip=\skip84
\cftafterlottitleskip=\skip85
\cftbeforetabskip=\skip86
\cfttabindent=\skip87
\cfttabnumwidth=\skip88
)
\c@theorem=\count149
)
("C:\Program Files\MiKTeX 2.9\tex\latex\oberdiek\epstopdf.sty"
Package: epstopdf 2016/05/15 v2.6 Conversion with epstopdf on the fly (HO)

("C:\Program Files\MiKTeX 2.9\tex\latex\oberdiek\epstopdf-base.sty"
Package: epstopdf-base 2016/05/15 v2.6 Base part for package epstopdf

("C:\Program Files\MiKTeX 2.9\tex\latex\oberdiek\grfext.sty"
Package: grfext 2016/05/16 v1.2 Manage graphics extensions (HO)
)
Package epstopdf-base Info: Redefining graphics rule for `.eps' on input line 4
38.
Package grfext Info: Graphics extension search list:
(grfext)             [.png,.pdf,.jpg,.mps,.jpeg,.jbig2,.jb2,.PNG,.PDF,.JPG,.JPE
G,.JBIG2,.JB2,.eps]
(grfext)             \AppendGraphicsExtensions on input line 456.
))
("C:\Program Files\MiKTeX 2.9\tex\latex\fancyhdr\fancyhdr.sty"
Package: fancyhdr 2016/09/06 3.8 Extensive control of page headers and footers
\fancy@headwidth=\skip89
\f@ncyO@elh=\skip90
\f@ncyO@erh=\skip91
\f@ncyO@olh=\skip92
\f@ncyO@orh=\skip93
\f@ncyO@elf=\skip94
\f@ncyO@erf=\skip95
\f@ncyO@olf=\skip96
\f@ncyO@orf=\skip97
)
("C:\Program Files\MiKTeX 2.9\tex\latex\appendix\appendix.sty"
Package: appendix 2009/09/02 v1.2b extra appendix facilities
\c@@pps=\count150
\c@@ppsavesec=\count151
\c@@ppsaveapp=\count152
) (thesis.aux
(chapters/abstract.aux) (chapters/Introduction.aux)
(chapters/Non_imaging_optics.aux) (chapters/Ray_tracing.aux)
(chapters/PS_ray_tracing.aux) (chapters/Boundaries.aux)
(chapters/Analytic_ray_mapping.aux) (chapters/Extended_ray_mapping.aux)
(chapters/Fresnel.aux) (chapters/Conclusions.aux) (chapters/Summary.aux)
(chapters/cv.aux) (chapters/Acknowledgments.aux))
\openout1 = `thesis.aux'.

LaTeX Font Info:    Checking defaults for OML/cmm/m/it on input line 64.
LaTeX Font Info:    ... okay on input line 64.
LaTeX Font Info:    Checking defaults for T1/cmr/m/n on input line 64.
LaTeX Font Info:    ... okay on input line 64.
LaTeX Font Info:    Checking defaults for OT1/cmr/m/n on input line 64.
LaTeX Font Info:    ... okay on input line 64.
LaTeX Font Info:    Checking defaults for OMS/cmsy/m/n on input line 64.
LaTeX Font Info:    ... okay on input line 64.
LaTeX Font Info:    Checking defaults for OMX/cmex/m/n on input line 64.
LaTeX Font Info:    ... okay on input line 64.
LaTeX Font Info:    Checking defaults for U/cmr/m/n on input line 64.
LaTeX Font Info:    ... okay on input line 64.
LaTeX Font Info:    Checking defaults for mTT/cmtt/m/n on input line 64.
LaTeX Font Info:    Try loading font information for mTT+cmtt on input line 64.


("C:\Program Files\MiKTeX 2.9\tex\latex\mdwtools\mttcmtt.fd"
File: mTTcmtt.fd 1996/05/25 1.1 Handing of the cmtt font
)
LaTeX Font Info:    ... okay on input line 64.
LaTeX Font Info:    Checking defaults for PD1/pdf/m/n on input line 64.
LaTeX Font Info:    ... okay on input line 64.
LaTeX Font Info:    Checking defaults for TS1/cmr/m/n on input line 64.
LaTeX Font Info:    Try loading font information for TS1+cmr on input line 64.

("C:\Program Files\MiKTeX 2.9\tex\latex\base\ts1cmr.fd"
File: ts1cmr.fd 2014/09/29 v2.5h Standard LaTeX font definitions
)
LaTeX Font Info:    ... okay on input line 64.
LaTeX Font Info:    Try loading font information for T1+lmr on input line 64.

("C:\Program Files\MiKTeX 2.9\tex\latex\lm\t1lmr.fd"
File: t1lmr.fd 2009/10/30 v1.6 Font defs for Latin Modern
)
*geometry* driver: auto-detecting
*geometry* detected driver: pdftex
*geometry* verbose mode - [ preamble ] result:
* driver: pdftex
* paper: custom
* layout: <same size as paper>
* layoutoffset:(h,v)=(0.0pt,0.0pt)
* modes: twoside 
* h-part:(L,W,R)=(71.13188pt, 369.88583pt, 42.67912pt)
* v-part:(T,H,B)=(71.41626pt, 568.62834pt, 57.04791pt)
* \paperwidth=483.69684pt
* \paperheight=697.09251pt
* \textwidth=369.88583pt
* \textheight=568.62834pt
* \oddsidemargin=-1.1381pt
* \evensidemargin=-29.59087pt
* \topmargin=-29.35637pt
* \headheight=12.0pt
* \headsep=16.50264pt
* \topskip=10.0pt
* \footskip=25.29494pt
* \marginparwidth=125.0pt
* \marginparsep=7.0pt
* \columnsep=10.0pt
* \skip\footins=9.0pt plus 4.0pt minus 2.0pt
* \hoffset=0.0pt
* \voffset=0.0pt
* \mag=1000
* \@twocolumnfalse
* \@twosidetrue
* \@mparswitchtrue
* \@reversemarginfalse
* (1in=72.27pt=25.4mm, 1cm=28.453pt)

ABD: EveryShipout initializing macros
("C:\Program Files\MiKTeX 2.9\tex\context\base\supp-pdf.mkii"
[Loading MPS to PDF converter (version 2006.09.02).]
\scratchcounter=\count153
\scratchdimen=\dimen270
\scratchbox=\box46
\nofMPsegments=\count154
\nofMParguments=\count155
\everyMPshowfont=\toks48
\MPscratchCnt=\count156
\MPscratchDim=\dimen271
\MPnumerator=\count157
\makeMPintoPDFobject=\count158
\everyMPtoPDFconversion=\toks49
)
\AtBeginShipoutBox=\box47
Package hyperref Info: Link coloring OFF on input line 64.
 ("C:\Program Files\MiKTeX 2.9\tex\latex\hyperref\nameref.sty"
Package: nameref 2016/05/21 v2.44 Cross-referencing by name of section

("C:\Program Files\MiKTeX 2.9\tex\generic\oberdiek\gettitlestring.sty"
Package: gettitlestring 2016/05/16 v1.5 Cleanup title references (HO)
)
\c@section@level=\count159
)
LaTeX Info: Redefining \ref on input line 64.
LaTeX Info: Redefining \pageref on input line 64.
LaTeX Info: Redefining \nameref on input line 64.

(thesis.out) (thesis.out)
\@outlinefile=\write4
\openout4 = `thesis.out'.

Package caption Info: Begin \AtBeginDocument code.
Package caption Info: End \AtBeginDocument code.
 (chapters/titlepage.tex [1

{C:/Users/cfilosa/AppData/Local/MiKTeX/2.9/pdftex/config/pdftex.map}]
Underfull \hbox (badness 10000) in paragraph at lines 27--30

 []


Underfull \hbox (badness 10000) in paragraph at lines 27--30

 []

LaTeX Font Info:    Try loading font information for TS1+lmr on input line 33.
("C:\Program Files\MiKTeX 2.9\tex\latex\lm\ts1lmr.fd"
File: ts1lmr.fd 2009/10/30 v1.6 Font defs for Latin Modern
)pdfTeX warning (ext4): destination with the same identifier (name{page.}) has 
been already used, duplicate ignored
<to be read again> 
                   \relax 
\HyWrap@new@pdflink ... \Hy@pstringDest \@pdfview 
                                                  \Hy@RestoreLastskip \ifhmo...

\hyper@anchor #1->\new@pdflink {#1}
                                   \anchor@spot \pdf@endanchor 
\@hyper@@anchor ...r@spot \else \hyper@anchor {#1}
                                                  \fi \expandafter \put@me@b...

\Hy@EveryPageAnchor ... \Hy@TempPageAnchor \relax 
                                                  \hss }\vss }\fi 
<argument> ...finterlineskip \Hy@EveryPageBoxHook 
                                                  \box \AtBeginShipoutBox }\fi 

\AtBegShi@Item #1->\ifAtBegShi@Discarded \else #1
                                                 \ifAtBegShi@Discarded \else...

\AtBegShi@Output ...Discardedfalse \AtBegShi@Hook 
                                                  \expandafter \gdef \expand...
<to be read again> \AtBegShi@Output 
                                    \endgroup \set@typeset@protect 
\@outputpage ...width {\@thefoot }\color@endbox }}
                                                  \global \let \if@newlist \...

\@opcol ...lumn \@outputdblcol \else \@outputpage 
                                                  \fi \global \@mparbottom \...
<output> ...specialoutput \else \@makecol \@opcol 
                                                  \@startcolumn \@whilesw \i...

\newpage ...erypar {}\fi \par \vfil \penalty -\@M 
                                                  
\clearpage ...opskip \hbox {}\fi \fi \fi \newpage 
                                                  \write \m@ne {}\vbox {}\pe...
l.36 \clearpage
                [2

]
Package babel Info: Redefining dutch shorthand "|
(babel)             in language  on input line 75.
Package babel Info: Redefining dutch shorthand "~
(babel)             in language  on input line 75.
Package babel Info: Redefining dutch shorthand "|
(babel)             in language  on input line 75.
Package babel Info: Redefining dutch shorthand "~
(babel)             in language  on input line 75.
pdfTeX warning (ext4): destination with the same identifier (name{page.}) has b
een already used, duplicate ignored
<to be read again> 
                   \relax 
\HyWrap@new@pdflink ... \Hy@pstringDest \@pdfview 
                                                  \Hy@RestoreLastskip \ifhmo...

\hyper@anchor #1->\new@pdflink {#1}
                                   \anchor@spot \pdf@endanchor 
\@hyper@@anchor ...r@spot \else \hyper@anchor {#1}
                                                  \fi \expandafter \put@me@b...

\Hy@EveryPageAnchor ... \Hy@TempPageAnchor \relax 
                                                  \hss }\vss }\fi 
<argument> ...finterlineskip \Hy@EveryPageBoxHook 
                                                  \box \AtBeginShipoutBox }\fi 

\AtBegShi@Item #1->\ifAtBegShi@Discarded \else #1
                                                 \ifAtBegShi@Discarded \else...

\AtBegShi@Output ...Discardedfalse \AtBegShi@Hook 
                                                  \expandafter \gdef \expand...
<to be read again> \AtBegShi@Output 
                                    \endgroup \set@typeset@protect 
\@outputpage ...width {\@thefoot }\color@endbox }}
                                                  \global \let \if@newlist \...

\@opcol ...lumn \@outputdblcol \else \@outputpage 
                                                  \fi \global \@mparbottom \...
<output> ...specialoutput \else \@makecol \@opcol 
                                                  \@startcolumn \@whilesw \i...

\newpage ...erypar {}\fi \par \vfil \penalty -\@M 
                                                  
\clearpage ...opskip \hbox {}\fi \fi \fi \newpage 
                                                  \write \m@ne {}\vbox {}\pe...
l.75 \clearpage
                [3

]
LaTeX Font Info:    Try loading font information for OT1+lmr on input line 80.
 ("C:\Program Files\MiKTeX 2.9\tex\latex\lm\ot1lmr.fd"
File: ot1lmr.fd 2009/10/30 v1.6 Font defs for Latin Modern
)
LaTeX Font Info:    Try loading font information for OML+lmm on input line 80.

("C:\Program Files\MiKTeX 2.9\tex\latex\lm\omllmm.fd"
File: omllmm.fd 2009/10/30 v1.6 Font defs for Latin Modern
)
LaTeX Font Info:    Try loading font information for OMS+lmsy on input line 80.


("C:\Program Files\MiKTeX 2.9\tex\latex\lm\omslmsy.fd"
File: omslmsy.fd 2009/10/30 v1.6 Font defs for Latin Modern
)
LaTeX Font Info:    Try loading font information for OMX+lmex on input line 80.


("C:\Program Files\MiKTeX 2.9\tex\latex\lm\omxlmex.fd"
File: omxlmex.fd 2009/10/30 v1.6 Font defs for Latin Modern
)
LaTeX Font Info:    External font `lmex10' loaded for size
(Font)              <12> on input line 80.
LaTeX Font Info:    External font `lmex10' loaded for size
(Font)              <8> on input line 80.
LaTeX Font Info:    External font `lmex10' loaded for size
(Font)              <6> on input line 80.
LaTeX Font Info:    Try loading font information for U+msa on input line 80.

("C:\Program Files\MiKTeX 2.9\tex\latex\amsfonts\umsa.fd"
File: umsa.fd 2013/01/14 v3.01 AMS symbols A
)
LaTeX Font Info:    Try loading font information for U+msb on input line 80.

("C:\Program Files\MiKTeX 2.9\tex\latex\amsfonts\umsb.fd"
File: umsb.fd 2013/01/14 v3.01 AMS symbols B
)
LaTeX Font Info:    Try loading font information for U+rsfs on input line 80.

("C:\Program Files\MiKTeX 2.9\tex\latex\jknappen\ursfs.fd"
File: ursfs.fd 1998/03/24 rsfs font definition file (jk)
)
Package babel Info: Redefining dutch shorthand "|
(babel)             in language  on input line 94.
Package babel Info: Redefining dutch shorthand "~
(babel)             in language  on input line 94.
Package babel Info: Redefining dutch shorthand "|
(babel)             in language  on input line 94.
Package babel Info: Redefining dutch shorthand "~
(babel)             in language  on input line 94.
pdfTeX warning (ext4): destination with the same identifier (name{page.}) has b
een already used, duplicate ignored
<to be read again> 
                   \relax 
\HyWrap@new@pdflink ... \Hy@pstringDest \@pdfview 
                                                  \Hy@RestoreLastskip \ifhmo...

\hyper@anchor #1->\new@pdflink {#1}
                                   \anchor@spot \pdf@endanchor 
\@hyper@@anchor ...r@spot \else \hyper@anchor {#1}
                                                  \fi \expandafter \put@me@b...

\Hy@EveryPageAnchor ... \Hy@TempPageAnchor \relax 
                                                  \hss }\vss }\fi 
<argument> ...finterlineskip \Hy@EveryPageBoxHook 
                                                  \box \AtBeginShipoutBox }\fi 

\AtBegShi@Item #1->\ifAtBegShi@Discarded \else #1
                                                 \ifAtBegShi@Discarded \else...

\AtBegShi@Output ...Discardedfalse \AtBegShi@Hook 
                                                  \expandafter \gdef \expand...
<to be read again> \AtBegShi@Output 
                                    \endgroup \set@typeset@protect 
\@outputpage ...width {\@thefoot }\color@endbox }}
                                                  \global \let \if@newlist \...

\@opcol ...lumn \@outputdblcol \else \@outputpage 
                                                  \fi \global \@mparbottom \...
<output> ...specialoutput \else \@makecol \@opcol 
                                                  \@startcolumn \@whilesw \i...

\newpage ...erypar {}\fi \par \vfil \penalty -\@M 
                                                  
\clearpage ...opskip \hbox {}\fi \fi \fi \newpage 
                                                  \write \m@ne {}\vbox {}\pe...
l.94 \clearpage
                [4

])pdfTeX warning (ext4): destination with the same identifier (name{page.}) has
 been already used, duplicate ignored
<to be read again> 
                   \relax 
\HyWrap@new@pdflink ... \Hy@pstringDest \@pdfview 
                                                  \Hy@RestoreLastskip \ifhmo...

\hyper@anchor #1->\new@pdflink {#1}
                                   \anchor@spot \pdf@endanchor 
\@hyper@@anchor ...r@spot \else \hyper@anchor {#1}
                                                  \fi \expandafter \put@me@b...

\Hy@EveryPageAnchor ... \Hy@TempPageAnchor \relax 
                                                  \hss }\vss }\fi 
<argument> ...finterlineskip \Hy@EveryPageBoxHook 
                                                  \box \AtBeginShipoutBox }\fi 

\AtBegShi@Item #1->\ifAtBegShi@Discarded \else #1
                                                 \ifAtBegShi@Discarded \else...

\AtBegShi@Output ...Discardedfalse \AtBegShi@Hook 
                                                  \expandafter \gdef \expand...
<to be read again> \AtBegShi@Output 
                                    \endgroup \set@typeset@protect 
\@outputpage ...width {\@thefoot }\color@endbox }}
                                                  \global \let \if@newlist \...

\@opcol ...lumn \@outputdblcol \else \@outputpage 
                                                  \fi \global \@mparbottom \...
<output> ...specialoutput \else \@makecol \@opcol 
                                                  \@startcolumn \@whilesw \i...

\newpage ...erypar {}\fi \par \vfil \penalty -\@M 
                                                  
\clearpage ...opskip \hbox {}\fi \fi \fi \newpage 
                                                  \write \m@ne {}\vbox {}\pe...
l.86 \clearpage
               {\pagestyle{empty}\cleardoublepage} [1


]pdfTeX warning (ext4): destination with the same identifier (name{page.}) has 
been already used, duplicate ignored
<to be read again> 
                   \relax 
\HyWrap@new@pdflink ... \Hy@pstringDest \@pdfview 
                                                  \Hy@RestoreLastskip \ifhmo...

\hyper@anchor #1->\new@pdflink {#1}
                                   \anchor@spot \pdf@endanchor 
\@hyper@@anchor ...r@spot \else \hyper@anchor {#1}
                                                  \fi \expandafter \put@me@b...

\Hy@EveryPageAnchor ... \Hy@TempPageAnchor \relax 
                                                  \hss }\vss }\fi 
<argument> ...finterlineskip \Hy@EveryPageBoxHook 
                                                  \box \AtBeginShipoutBox }\fi 

\AtBegShi@Item #1->\ifAtBegShi@Discarded \else #1
                                                 \ifAtBegShi@Discarded \else...

\AtBegShi@Output ...Discardedfalse \AtBegShi@Hook 
                                                  \expandafter \gdef \expand...
<to be read again> \AtBegShi@Output 
                                    \endgroup \set@typeset@protect 
\@outputpage ...width {\@thefoot }\color@endbox }}
                                                  \global \let \if@newlist \...

\@opcol ...lumn \@outputdblcol \else \@outputpage 
                                                  \fi \global \@mparbottom \...
<output> ...specialoutput \else \@makecol \@opcol 
                                                  \@startcolumn \@whilesw \i...

\newpage ...erypar {}\fi \par \vfil \penalty -\@M 
                                                  
\cleardoublepage ...c@page \else \hbox {}\newpage 
                                                  \if@twocolumn \hbox {}\new...
l.86 \clearpage{\pagestyle{empty}\cleardoublepage
                                                 } [2


]
\openout2 = `chapters/abstract.aux'.

 (chapters/abstract.tex)pdfTeX warning (ext4): destination with the same identi
fier (name{page.}) has been already used, duplicate ignored
<to be read again> 
                   \relax 
\HyWrap@new@pdflink ... \Hy@pstringDest \@pdfview 
                                                  \Hy@RestoreLastskip \ifhmo...

\hyper@anchor #1->\new@pdflink {#1}
                                   \anchor@spot \pdf@endanchor 
\@hyper@@anchor ...r@spot \else \hyper@anchor {#1}
                                                  \fi \expandafter \put@me@b...

\Hy@EveryPageAnchor ... \Hy@TempPageAnchor \relax 
                                                  \hss }\vss }\fi 
<argument> ...finterlineskip \Hy@EveryPageBoxHook 
                                                  \box \AtBeginShipoutBox }\fi 

\AtBegShi@Item #1->\ifAtBegShi@Discarded \else #1
                                                 \ifAtBegShi@Discarded \else...

\AtBegShi@Output ...Discardedfalse \AtBegShi@Hook 
                                                  \expandafter \gdef \expand...
<to be read again> \AtBegShi@Output 
                                    \endgroup \set@typeset@protect 
\@outputpage ...width {\@thefoot }\color@endbox }}
                                                  \global \let \if@newlist \...

\@opcol ...lumn \@outputdblcol \else \@outputpage 
                                                  \fi \global \@mparbottom \...
<output> ...specialoutput \else \@makecol \@opcol 
                                                  \@startcolumn \@whilesw \i...

\newpage ...erypar {}\fi \par \vfil \penalty -\@M 
                                                  
\clearpage ...opskip \hbox {}\fi \fi \fi \newpage 
                                                  \write \m@ne {}\vbox {}\pe...

\@include ...hook \fi \@input@ {#1.tex}\clearpage 
                                                  \@writeckpt {#1}\if@filesw...

\include ...ot be nested}\@eha \else \@include #1 
                                                  \fi 
l.88 \include{chapters/abstract}
                                 [3


]pdfTeX warning (ext4): destination with the same identifier (name{page.}) has 
been already used, duplicate ignored
<to be read again> 
                   \relax 
\HyWrap@new@pdflink ... \Hy@pstringDest \@pdfview 
                                                  \Hy@RestoreLastskip \ifhmo...

\hyper@anchor #1->\new@pdflink {#1}
                                   \anchor@spot \pdf@endanchor 
\@hyper@@anchor ...r@spot \else \hyper@anchor {#1}
                                                  \fi \expandafter \put@me@b...

\Hy@EveryPageAnchor ... \Hy@TempPageAnchor \relax 
                                                  \hss }\vss }\fi 
<argument> ...finterlineskip \Hy@EveryPageBoxHook 
                                                  \box \AtBeginShipoutBox }\fi 

\AtBegShi@Item #1->\ifAtBegShi@Discarded \else #1
                                                 \ifAtBegShi@Discarded \else...

\AtBegShi@Output ...Discardedfalse \AtBegShi@Hook 
                                                  \expandafter \gdef \expand...
<to be read again> \AtBegShi@Output 
                                    \endgroup \set@typeset@protect 
\@outputpage ...width {\@thefoot }\color@endbox }}
                                                  \global \let \if@newlist \...

\@opcol ...lumn \@outputdblcol \else \@outputpage 
                                                  \fi \global \@mparbottom \...
<output> ...specialoutput \else \@makecol \@opcol 
                                                  \@startcolumn \@whilesw \i...

\newpage ...erypar {}\fi \par \vfil \penalty -\@M 
                                                  
\cleardoublepage ...c@page \else \hbox {}\newpage 
                                                  \if@twocolumn \hbox {}\new...
l.90 \clearpage{\pagestyle{empty}\cleardoublepage
                                                 } [4



] (thesis.toc
LaTeX Font Info:    External font `lmex10' loaded for size
(Font)              <10> on input line 5.
LaTeX Font Info:    External font `lmex10' loaded for size
(Font)              <7> on input line 5.
LaTeX Font Info:    External font `lmex10' loaded for size
(Font)              <5> on input line 5.
pdfTeX warning (ext4): destination with the same identifier (name{page.}) has b
een already used, duplicate ignored
<to be read again> 
                   \relax 
\HyWrap@new@pdflink ... \Hy@pstringDest \@pdfview 
                                                  \Hy@RestoreLastskip \ifhmo...

\hyper@anchor #1->\new@pdflink {#1}
                                   \anchor@spot \pdf@endanchor 
\@hyper@@anchor ...r@spot \else \hyper@anchor {#1}
                                                  \fi \expandafter \put@me@b...

\Hy@EveryPageAnchor ... \Hy@TempPageAnchor \relax 
                                                  \hss }\vss }\fi 
<argument> ...finterlineskip \Hy@EveryPageBoxHook 
                                                  \box \AtBeginShipoutBox }\fi 

\AtBegShi@Item #1->\ifAtBegShi@Discarded \else #1
                                                 \ifAtBegShi@Discarded \else...

\AtBegShi@Output ...Discardedfalse \AtBegShi@Hook 
                                                  \expandafter \gdef \expand...
<to be read again> \AtBegShi@Output 
                                    \endgroup \set@typeset@protect 
\@outputpage ...width {\@thefoot }\color@endbox }}
                                                  \global \let \if@newlist \...

\@opcol ...lumn \@outputdblcol \else \@outputpage 
                                                  \fi \global \@mparbottom \...
<output> ...specialoutput \else \@makecol \@opcol 
                                                  \@startcolumn \@whilesw \i...
<argument> -\@highpenalty 
                          
\addpenalty ...e \ifdim \lastskip =\z@ \penalty #1
                                                  \relax \else \@tempskipb \...

\l@chapter ...>\m@ne \addpenalty {-\@highpenalty }
                                                  \vskip \cftbeforechapskip ...

\contentsline ...estname }{#2}\hyper@linkend }{#3}
                                                  \or \def \Hy@temp {#3}\ifx...
l.34 ...xtended ray mapping method}{13}{chapter.7}
                                                   [5

])
\tf@toc=\write5
\openout5 = `thesis.toc'.

pdfTeX warning (ext4): destination with the same identifier (name{page.}) has b
een already used, duplicate ignored
<to be read again> 
                   \relax 
\HyWrap@new@pdflink ... \Hy@pstringDest \@pdfview 
                                                  \Hy@RestoreLastskip \ifhmo...

\hyper@anchor #1->\new@pdflink {#1}
                                   \anchor@spot \pdf@endanchor 
\@hyper@@anchor ...r@spot \else \hyper@anchor {#1}
                                                  \fi \expandafter \put@me@b...

\Hy@EveryPageAnchor ... \Hy@TempPageAnchor \relax 
                                                  \hss }\vss }\fi 
<argument> ...finterlineskip \Hy@EveryPageBoxHook 
                                                  \box \AtBeginShipoutBox }\fi 

\AtBegShi@Item #1->\ifAtBegShi@Discarded \else #1
                                                 \ifAtBegShi@Discarded \else...

\AtBegShi@Output ...Discardedfalse \AtBegShi@Hook 
                                                  \expandafter \gdef \expand...
<to be read again> \AtBegShi@Output 
                                    \endgroup \set@typeset@protect 
\@outputpage ...width {\@thefoot }\color@endbox }}
                                                  \global \let \if@newlist \...

\@opcol ...lumn \@outputdblcol \else \@outputpage 
                                                  \fi \global \@mparbottom \...
<output> ...specialoutput \else \@makecol \@opcol 
                                                  \@startcolumn \@whilesw \i...

\newpage ...erypar {}\fi \par \vfil \penalty -\@M 
                                                  
\clearpage ...opskip \hbox {}\fi \fi \fi \newpage 
                                                  \write \m@ne {}\vbox {}\pe...
l.99 \clearpage
               {\pagestyle{empty}\cleardoublepage} [6]
\openout2 = `chapters/Introduction.aux'.


(chapters/Introduction.tex
Chapter 1.
[1




] [2


])
\openout2 = `chapters/Non_imaging_optics.aux'.

 (chapters/Non_imaging_optics.tex
Chapter 2.
) [3



]
\openout2 = `chapters/Ray_tracing.aux'.

 (chapters/Ray_tracing.tex [4



]
Chapter 3.
LaTeX Font Info:    Try loading font information for T1+lmtt on input line 6.
("C:\Program Files\MiKTeX 2.9\tex\latex\lm\t1lmtt.fd"
File: t1lmtt.fd 2009/10/30 v1.6 Font defs for Latin Modern
)

LaTeX Warning: Reference `fig:analyticlens' on page 5 undefined on input line 1
8.

<figures/tir_analytic2.pdf, id=270, 421.575pt x 317.185pt>
File: figures/tir_analytic2.pdf Graphic file (type pdf)

<use figures/tir_analytic2.pdf>
Package pdftex.def Info: figures/tir_analytic2.pdf used on input line 21.
(pdftex.def)             Requested size: 184.9429pt x 139.15044pt.
 [5]

LaTeX Warning: Reference `lambertian_source' on page 6 undefined on input line 
52.


LaTeX Warning: Reference `parametrization' on page 6 undefined on input line 54
.

[6 <./figures/tir_analytic2.pdf>]

LaTeX Warning: Citation `hecht1998hecht' on page 7 undefined on input line 62.


LaTeX Warning: Citation `chaves2008introduction' on page 7 undefined on input l
ine 62.


LaTeX Warning: Reference `refraction' on page 7 undefined on input line 63.


LaTeX Warning: Reference `reflection' on page 7 undefined on input line 67.


LaTeX Warning: Reference `fig:analyticlens' on page 7 undefined on input line 7
1.


LaTeX Warning: Reference `refraction' on page 7 undefined on input line 80.


LaTeX Warning: Reference `reflection' on page 7 undefined on input line 80.


LaTeX Warning: Reference `fig:analyticlens' on page 7 undefined on input line 8
3.


LaTeX Warning: Citation `Ting:1' on page 7 undefined on input line 85.

[7]

LaTeX Warning: Citation `wolf2004geometric' on page 8 undefined on input line 9
7.


LaTeX Warning: Citation `rausch2014phase' on page 8 undefined on input line 97.



LaTeX Warning: Citation `torre2005linear' on page 8 undefined on input line 97.



LaTeX Warning: Reference `M' on page 8 undefined on input line 130.

[8]

LaTeX Warning: Citation `chaves2008introduction' on page 9 undefined on input l
ine 144.


LaTeX Warning: Reference `I(eta)' on page 9 undefined on input line 145.


LaTeX Warning: Reference `fig:refinement' on page 9 undefined on input line 158
.

<figures/grid.pdf, id=324, 421.575pt x 316.18124pt>
File: figures/grid.pdf Graphic file (type pdf)
 <use figures/grid.pdf>
Package pdftex.def Info: figures/grid.pdf used on input line 161.
(pdftex.def)             Requested size: 162.18062pt x 121.63606pt.


LaTeX Warning: Reference `fig:region inside' on page 9 undefined on input line 
172.

<figures/region_inside.pdf, id=325, 421.575pt x 312.16624pt>
File: figures/region_inside.pdf Graphic file (type pdf)

<use figures/region_inside.pdf>
Package pdftex.def Info: figures/region_inside.pdf used on input line 176.
(pdftex.def)             Requested size: 156.49014pt x 115.87599pt.


LaTeX Warning: Reference `fig:triangulation_refinement' on page 9 undefined on 
input line 190.

<figures/triangulation_refinement1.pdf, id=326, 480.79625pt x 435.6275pt>
File: figures/triangulation_refinement1.pdf Graphic file (type pdf)

<use figures/triangulation_refinement1.pdf>
Package pdftex.def Info: figures/triangulation_refinement1.pdf used on input li
ne 194.
(pdftex.def)             Requested size: 162.18062pt x 146.94814pt.
 [9]

LaTeX Warning: `h' float specifier changed to `ht'.

[10 <./figures/grid.pdf> <./figures/region_inside.pdf>]

LaTeX Warning: Reference `sec:method' on page 11 undefined on input line 207.


LaTeX Warning: Reference `subsec:phasespace' on page 11 undefined on input line
 207.


LaTeX Warning: Citation `chaves2008introduction' on page 11 undefined on input 
line 213.


LaTeX Warning: Reference `fig:analyticlens' on page 11 undefined on input line 
220.

<figures/etendue.pdf, id=354, 421.575pt x 316.18124pt>
File: figures/etendue.pdf Graphic file (type pdf)

<use figures/etendue.pdf>
Package pdftex.def Info: figures/etendue.pdf used on input line 224.
(pdftex.def)             Requested size: 219.08612pt x 164.3187pt.
 [11 <./figures/triangulation_refinement1.pdf>]

LaTeX Warning: Reference `fig:analyticlens' on page 12 undefined on input line 
236.


LaTeX Warning: Reference `etenduepartial' on page 12 undefined on input line 24
3.


LaTeX Warning: Reference `eq:etenduetarg2' on page 12 undefined on input line 2
49.


LaTeX Warning: Reference `fig:etendueTS' on page 12 undefined on input line 250
.


LaTeX Warning: Reference `fig:sourcePS' on page 12 undefined on input line 255.



LaTeX Warning: Reference `fig:targetPS' on page 12 undefined on input line 255.



LaTeX Warning: Reference `fig:sourcePS' on page 12 undefined on input line 255.



LaTeX Warning: Reference `fig:targetPS' on page 12 undefined on input line 255.


[12 <./figures/etendue.pdf>]
<figures/source1.pdf, id=387, 421.575pt x 316.18124pt>
File: figures/source1.pdf Graphic file (type pdf)

<use figures/source1.pdf>
Package pdftex.def Info: figures/source1.pdf used on input line 259.
(pdftex.def)             Requested size: 219.08612pt x 164.3187pt.


LaTeX Warning: Reference `fig:analyticlens' on page 13 undefined on input line 
266.


LaTeX Warning: Reference `fig:analyticlens' on page 13 undefined on input line 
266.

<figures/target.pdf, id=388, 421.575pt x 316.18124pt>
File: figures/target.pdf Graphic file (type pdf)
 <use figures/target.pdf>
Package pdftex.def Info: figures/target.pdf used on input line 273.
(pdftex.def)             Requested size: 219.08612pt x 164.3187pt.


LaTeX Warning: Reference `fig:sourcePS' on page 13 undefined on input line 277.



LaTeX Warning: Reference `fig:sourcePS' on page 13 undefined on input line 277.



LaTeX Warning: `h' float specifier changed to `ht'.


LaTeX Warning: Reference `I(eta)' on page 13 undefined on input line 281.


LaTeX Warning: Reference `luminance' on page 13 undefined on input line 282.


Underfull \vbox (badness 10000) has occurred while \output is active []

 [13 <./figures/source1.pdf>]

LaTeX Warning: Citation `chaves2008introduction' on page 14 undefined on input 
line 294.


LaTeX Warning: Reference `eq:Ips' on page 14 undefined on input line 295.


LaTeX Warning: Reference `intensity_eta' on page 14 undefined on input line 295
.


LaTeX Warning: Reference `intensity_eta' on page 14 undefined on input line 297
.

[14 <./figures/target.pdf>]

LaTeX Warning: Reference `eq:etenduetarget' on page 15 undefined on input line 
312.


LaTeX Warning: Reference `fig:etendueTS' on page 15 undefined on input line 312
.


LaTeX Warning: Reference `tab:table' on page 15 undefined on input line 333.


LaTeX Warning: Reference `sec:method' on page 15 undefined on input line 334.


LaTeX Warning: Reference `subsec:triangulation1' on page 15 undefined on input 
line 334.


LaTeX Warning: Reference `error' on page 15 undefined on input line 336.


LaTeX Warning: Reference `tab:table2' on page 15 undefined on input line 338.


LaTeX Warning: Reference `tab:table' on page 15 undefined on input line 364.


LaTeX Warning: Reference `tab:table2' on page 15 undefined on input line 364.


LaTeX Warning: Reference `fig:error' on page 15 undefined on input line 364.

<figures/error.pdf, id=417, 421.575pt x 312.16624pt>
File: figures/error.pdf Graphic file (type pdf)
 <use figures/error.pdf>
Package pdftex.def Info: figures/error.pdf used on input line 368.
(pdftex.def)             Requested size: 219.08612pt x 162.23212pt.


LaTeX Warning: Reference `fig:error' on page 15 undefined on input line 378.

<figures/intensity.pdf, id=418, 421.575pt x 316.18124pt>
File: figures/intensity.pdf Graphic file (type pdf)

<use figures/intensity.pdf>
Package pdftex.def Info: figures/intensity.pdf used on input line 383.
(pdftex.def)             Requested size: 219.08612pt x 164.3187pt.

Overfull \hbox (71.13405pt too wide) in paragraph at lines 383--384
[][] 
 []


LaTeX Warning: `!h' float specifier changed to `!ht'.


LaTeX Warning: `h' float specifier changed to `ht'.


LaTeX Warning: Reference `fig:intensityMCPS' on page 15 undefined on input line
 392.


LaTeX Warning: Reference `fig:intensityMCPS' on page 15 undefined on input line
 393.


LaTeX Warning: Reference `fig:intensityMCPS' on page 15 undefined on input line
 393.


LaTeX Warning: Citation `moore2013methods' on page 15 undefined on input line 3
94.


LaTeX Warning: Citation `moore2013methods' on page 15 undefined on input line 3
97.

[15] [16 <./figures/error.pdf>]) [17 <./figures/intensity.pdf>]
\openout2 = `chapters/PS_ray_tracing.aux'.


(chapters/PS_ray_tracing.tex [18



]
Chapter 4.
) [19]
\openout2 = `chapters/Boundaries.aux'.

 (chapters/Boundaries.tex [20



]
Chapter 5.
LaTeX Font Info:    External font `lmex10' loaded for size
(Font)              <14.4> on input line 2.

Package hyperref Warning: Token not allowed in a PDF string (PDFDocEncoding):
(hyperref)                removing `math shift' on input line 2.


Package hyperref Warning: Token not allowed in a PDF string (PDFDocEncoding):
(hyperref)                removing `\alpha' on input line 2.


Package hyperref Warning: Token not allowed in a PDF string (PDFDocEncoding):
(hyperref)                removing `math shift' on input line 2.


LaTeX Warning: Citation `tre' on page 21 undefined on input line 3.

<figures/shape.jpg, id=465, 231.86626pt x 254.9525pt>
File: figures/shape.jpg Graphic file (type jpg)
 <use figures/shape.jpg>
Package pdftex.def Info: figures/shape.jpg used on input line 7.
(pdftex.def)             Requested size: 199.16928pt x 219.00587pt.

Underfull \vbox (badness 3525) has occurred while \output is active []

 [21]

LaTeX Warning: Citation `portegies2013fast' on page 22 undefined on input line 
24.


LaTeX Warning: Citation `' on page 22 undefined on input line 24.


LaTeX Warning: Citation `teichmann1998surface' on page 22 undefined on input li
ne 38.


LaTeX Warning: Reference `delta_t' on page 22 undefined on input line 40.

[22 <./figures/shape.jpg>] [23]) [24]
\openout2 = `chapters/Analytic_ray_mapping.aux'.

 (chapters/Analytic_ray_mapping.tex
Chapter 6.

LaTeX Warning: Citation `Gross2005Handbook' on page 25 undefined on input line 
3.

) [25



]
\openout2 = `chapters/Extended_ray_mapping.aux'.

 (chapters/Extended_ray_mapping.tex [26



]
Chapter 7.

Overfull \hbox (1.20341pt too wide) in paragraph at lines 7--7
[]\T1/lmr/bx/n/14.4 Results for two dif-fer-ent kind of TIR-collimators 
 []

) [27]
\openout2 = `chapters/Fresnel.aux'.

 (chapters/Fresnel.tex [28



]
Chapter 8.
) [29]
\openout2 = `chapters/Conclusions.aux'.

 (chapters/Conclusions.tex [30



]
Chapter 9.
) [31]
\openout2 = `chapters/Summary.aux'.

 (chapters/Summary.tex [32



]) [33]
\openout2 = `chapters/cv.aux'.

 (chapters/cv.tex [34



]) [35]
\openout2 = `chapters/Acknowledgments.aux'.


(chapters/Acknowledgments.tex [36




]) [37

] (thesis.bbl [38


]) [39] [40


]
Package atveryend Info: Empty hook `BeforeClearDocument' on input line 140.
Package atveryend Info: Empty hook `AfterLastShipout' on input line 140.

(thesis.aux (chapters/abstract.aux) (chapters/Introduction.aux)
(chapters/Non_imaging_optics.aux) (chapters/Ray_tracing.aux)
(chapters/PS_ray_tracing.aux) (chapters/Boundaries.aux)
(chapters/Analytic_ray_mapping.aux) (chapters/Extended_ray_mapping.aux)
(chapters/Fresnel.aux) (chapters/Conclusions.aux) (chapters/Summary.aux)
(chapters/cv.aux) (chapters/Acknowledgments.aux))
Package atveryend Info: Executing hook `AtVeryEndDocument' on input line 140.
Package atveryend Info: Executing hook `AtEndAfterFileList' on input line 140.


Package rerunfilecheck Warning: File `thesis.out' has changed.
(rerunfilecheck)                Rerun to get outlines right
(rerunfilecheck)                or use package `bookmark'.

Package rerunfilecheck Info: Checksums for `thesis.out':
(rerunfilecheck)             Before: BA694C091B4DA9E2BC5E355BC2040F0C;2829
(rerunfilecheck)             After:  95A7FEC42F3FBB9A57446DD06560FC05;3004.

LaTeX Warning: There were undefined references.


LaTeX Warning: Label(s) may have changed. Rerun to get cross-references right.

Package atveryend Info: Empty hook `AtVeryVeryEnd' on input line 140.
 ) 
Here is how much of TeX's memory you used:
 21607 strings out of 493333
 394925 string characters out of 3139243
 475789 words of memory out of 3000000
 24417 multiletter control sequences out of 15000+200000
 107293 words of font info for 83 fonts, out of 3000000 for 9000
 1141 hyphenation exceptions out of 8191
 55i,15n,54p,1615b,452s stack positions out of 5000i,500n,10000p,200000b,50000s
pdfTeX warning (dest): name{chapter*.7} has been referenced but does not exis
t, replaced by a fixed one

pdfTeX warning (dest): name{chapter*.6} has been referenced but does not exist,
 replaced by a fixed one

pdfTeX warning (dest): name{chapter*.5} has been referenced but does not exist,
 replaced by a fixed one

pdfTeX warning (dest): name{chapter*.4} has been referenced but does not exist,
 replaced by a fixed one

{C:/Program Files/MiKTeX 2.9/fonts/enc/dvips/lm/lm-ec.enc}{C:/Program Files/MiK
TeX 2.9/fonts/enc/dvips/lm/lm-mathit.enc}{C:/Program Files/MiKTeX 2.9/fonts/enc
/dvips/lm/lm-mathsy.enc}{C:/Program Files/MiKTeX 2.9/fonts/enc/dvips/lm/lm-rm.e
nc}{C:/Program Files/MiKTeX 2.9/fonts/enc/dvips/lm/lm-mathex.enc}{C:/Program Fi
les/MiKTeX 2.9/fonts/enc/dvips/lm/lm-ts1.enc}<C:/Program Files/MiKTeX 2.9/fonts
/type1/public/lm/lmbx10.pfb><C:/Program Files/MiKTeX 2.9/fonts/type1/public/lm/
lmbx12.pfb><C:/Program Files/MiKTeX 2.9/fonts/type1/public/lm/lmbx7.pfb><C:/Pro
gram Files/MiKTeX 2.9/fonts/type1/public/lm/lmbx8.pfb><C:/Program Files/MiKTeX 
2.9/fonts/type1/public/lm/lmex10.pfb><C:/Program Files/MiKTeX 2.9/fonts/type1/p
ublic/lm/lmmi10.pfb><C:/Program Files/MiKTeX 2.9/fonts/type1/public/lm/lmmi12.p
fb><C:/Program Files/MiKTeX 2.9/fonts/type1/public/lm/lmmi5.pfb><C:/Program Fil
es/MiKTeX 2.9/fonts/type1/public/lm/lmmi6.pfb><C:/Program Files/MiKTeX 2.9/font
s/type1/public/lm/lmmi7.pfb><C:/Program Files/MiKTeX 2.9/fonts/type1/public/lm/
lmmi8.pfb><C:/Program Files/MiKTeX 2.9/fonts/type1/public/lm/lmr10.pfb><C:/Prog
ram Files/MiKTeX 2.9/fonts/type1/public/lm/lmr12.pfb><C:/Program Files/MiKTeX 2
.9/fonts/type1/public/lm/lmr17.pfb><C:/Program Files/MiKTeX 2.9/fonts/type1/pub
lic/lm/lmr5.pfb><C:/Program Files/MiKTeX 2.9/fonts/type1/public/lm/lmr6.pfb><C:
/Program Files/MiKTeX 2.9/fonts/type1/public/lm/lmr7.pfb><C:/Program Files/MiKT
eX 2.9/fonts/type1/public/lm/lmr8.pfb><C:/Program Files/MiKTeX 2.9/fonts/type1/
public/lm/lmri10.pfb><C:/Program Files/MiKTeX 2.9/fonts/type1/public/lm/lmri7.p
fb><C:/Program Files/MiKTeX 2.9/fonts/type1/public/lm/lmro10.pfb><C:/Program Fi
les/MiKTeX 2.9/fonts/type1/public/lm/lmsy10.pfb><C:/Program Files/MiKTeX 2.9/fo
nts/type1/public/lm/lmsy5.pfb><C:/Program Files/MiKTeX 2.9/fonts/type1/public/l
m/lmsy6.pfb><C:/Program Files/MiKTeX 2.9/fonts/type1/public/lm/lmsy7.pfb><C:/Pr
ogram Files/MiKTeX 2.9/fonts/type1/public/lm/lmsy8.pfb><C:/Program Files/MiKTeX
 2.9/fonts/type1/public/lm/lmtt9.pfb><C:/Program Files/MiKTeX 2.9/fonts/type1/p
ublic/amsfonts/symbols/msbm10.pfb>
Output written on thesis.pdf (50 pages, 5096449 bytes).
PDF statistics:
 697 PDF objects out of 1000 (max. 8388607)
 136 named destinations out of 1000 (max. 500000)
 383 words of extra memory for PDF output out of 10000 (max. 10000000)

